<?xml version="1.0" encoding="UTF-8" ?>
<testsuite tests="2" failures="0" name="com.zhaotao.test.aware.TestAware" time="0.08" errors="1" skipped="0">
  <properties>
    <property name="idea.version" value="2017.1.1"/>
    <property name="java.runtime.name" value="Java(TM) SE Runtime Environment"/>
    <property name="sun.boot.library.path" value="D:\java\jdk1.8.0_65\jre\bin"/>
    <property name="java.vm.version" value="25.65-b01"/>
    <property name="java.vm.vendor" value="Oracle Corporation"/>
    <property name="maven.multiModuleProjectDirectory" value="D:\IdeaProjects\spring-train"/>
    <property name="java.vendor.url" value="http://java.oracle.com/"/>
    <property name="path.separator" value=";"/>
    <property name="guice.disable.misplaced.annotation.check" value="true"/>
    <property name="java.vm.name" value="Java HotSpot(TM) 64-Bit Server VM"/>
    <property name="file.encoding.pkg" value="sun.io"/>
    <property name="user.script" value=""/>
    <property name="user.country" value="CN"/>
    <property name="sun.java.launcher" value="SUN_STANDARD"/>
    <property name="sun.os.patch.level" value=""/>
    <property name="java.vm.specification.name" value="Java Virtual Machine Specification"/>
    <property name="user.dir" value="D:\IdeaProjects\spring-train"/>
    <property name="java.runtime.version" value="1.8.0_65-b17"/>
    <property name="java.awt.graphicsenv" value="sun.awt.Win32GraphicsEnvironment"/>
    <property name="java.endorsed.dirs" value="D:\java\jdk1.8.0_65\jre\lib\endorsed"/>
    <property name="os.arch" value="amd64"/>
    <property name="java.io.tmpdir" value="C:\Users\陶\AppData\Local\Temp\"/>
    <property name="line.separator" value="
"/>
    <property name="java.vm.specification.vendor" value="Oracle Corporation"/>
    <property name="user.variant" value=""/>
    <property name="os.name" value="Windows 8.1"/>
    <property name="classworlds.conf" value="D:\IntelliJ IDEA\IntelliJ IDEA 2017.1.1\plugins\maven\lib\maven3\bin\m2.conf"/>
    <property name="sun.jnu.encoding" value="GBK"/>
    <property name="java.library.path" value="D:\java\jdk1.8.0_65\bin;C:\windows\Sun\Java\bin;C:\windows\system32;C:\windows;D:\SecureCRT\;C:\Program Files (x86)\Lenovo\FusionEngine;C:\Program Files (x86)\NVIDIA Corporation\PhysX\Common;C:\Program Files (x86)\Intel\iCLS Client\;C:\Program Files\Intel\iCLS Client\;C:\windows\system32;C:\windows;C:\windows\System32\Wbem;C:\windows\System32\WindowsPowerShell\v1.0\;C:\Program Files\Intel\Intel(R) Management Engine Components\DAL;C:\Program Files\Intel\Intel(R) Management Engine Components\IPT;C:\Program Files (x86)\Intel\Intel(R) Management Engine Components\DAL;C:\Program Files (x86)\Intel\Intel(R) Management Engine Components\IPT;C:\Program Files\Intel\WiFi\bin\;C:\Program Files\Common Files\Intel\WirelessCommon\;C:\Program Files (x86)\iFLYTEK\VoiceAssistant\SpeechPlusRuntime;C:\Program Files (x86)\Lenovo\Voice SDK;D:\java\jdk1.8.0_65\bin;D:\java\jdk1.8.0_65\jre\bin;D:\scala\bin;D:\hadoop\bin;D:\Git\cmd;C:\Program Files\OpenVPN\bin;D:\nodejs\;C:\Users\陶\AppData\Roaming\npm;."/>
    <property name="java.specification.name" value="Java Platform API Specification"/>
    <property name="java.class.version" value="52.0"/>
    <property name="sun.management.compiler" value="HotSpot 64-Bit Tiered Compilers"/>
    <property name="os.version" value="6.3"/>
    <property name="user.home" value="C:\Users\陶"/>
    <property name="user.timezone" value="Asia/Shanghai"/>
    <property name="java.awt.printerjob" value="sun.awt.windows.WPrinterJob"/>
    <property name="java.specification.version" value="1.8"/>
    <property name="file.encoding" value="UTF-8"/>
    <property name="user.name" value="陶"/>
    <property name="java.class.path" value="D:\IntelliJ IDEA\IntelliJ IDEA 2017.1.1\plugins\maven\lib\maven3\boot\plexus-classworlds-2.5.2.jar;D:\IntelliJ IDEA\IntelliJ IDEA 2017.1.1\lib\idea_rt.jar"/>
    <property name="java.vm.specification.version" value="1.8"/>
    <property name="sun.arch.data.model" value="64"/>
    <property name="java.home" value="D:\java\jdk1.8.0_65\jre"/>
    <property name="sun.java.command" value="org.codehaus.classworlds.Launcher -Didea.version=2017.1.1 -s D:\apache-maven-3.3.9\conf\settings.xml install -P yangt-snapshots,yangt-public"/>
    <property name="java.specification.vendor" value="Oracle Corporation"/>
    <property name="user.language" value="zh"/>
    <property name="awt.toolkit" value="sun.awt.windows.WToolkit"/>
    <property name="java.vm.info" value="mixed mode"/>
    <property name="java.version" value="1.8.0_65"/>
    <property name="java.ext.dirs" value="D:\java\jdk1.8.0_65\jre\lib\ext;C:\windows\Sun\Java\lib\ext"/>
    <property name="sun.boot.class.path" value="D:\java\jdk1.8.0_65\jre\lib\resources.jar;D:\java\jdk1.8.0_65\jre\lib\rt.jar;D:\java\jdk1.8.0_65\jre\lib\sunrsasign.jar;D:\java\jdk1.8.0_65\jre\lib\jsse.jar;D:\java\jdk1.8.0_65\jre\lib\jce.jar;D:\java\jdk1.8.0_65\jre\lib\charsets.jar;D:\java\jdk1.8.0_65\jre\lib\jfr.jar;D:\java\jdk1.8.0_65\jre\classes"/>
    <property name="java.vendor" value="Oracle Corporation"/>
    <property name="maven.home" value="D:\IntelliJ IDEA\IntelliJ IDEA 2017.1.1\plugins\maven\lib\maven3"/>
    <property name="file.separator" value="\"/>
    <property name="java.vendor.url.bug" value="http://bugreport.sun.com/bugreport/"/>
    <property name="sun.cpu.endian" value="little"/>
    <property name="sun.io.unicode.encoding" value="UnicodeLittle"/>
    <property name="sun.desktop" value="windows"/>
    <property name="sun.cpu.isalist" value="amd64"/>
  </properties>
  <testcase classname="com.zhaotao.test.aware.TestAware" name="testMoocApplicationContext" time="0.033">
    <error type="java.lang.NullPointerException">java.lang.NullPointerException
	at com.zhaotao.test.aware.TestAware.testMoocApplicationContext(TestAware.java:20)
	at sun.reflect.NativeMethodAccessorImpl.invoke0(Native Method)
	at sun.reflect.NativeMethodAccessorImpl.invoke(NativeMethodAccessorImpl.java:62)
	at sun.reflect.DelegatingMethodAccessorImpl.invoke(DelegatingMethodAccessorImpl.java:43)
	at java.lang.reflect.Method.invoke(Method.java:497)
	at org.junit.runners.model.FrameworkMethod$1.runReflectiveCall(FrameworkMethod.java:45)
	at org.junit.internal.runners.model.ReflectiveCallable.run(ReflectiveCallable.java:15)
	at org.junit.runners.model.FrameworkMethod.invokeExplosively(FrameworkMethod.java:42)
	at org.junit.internal.runners.statements.InvokeMethod.evaluate(InvokeMethod.java:20)
	at org.junit.internal.runners.statements.RunBefores.evaluate(RunBefores.java:28)
	at org.junit.internal.runners.statements.RunAfters.evaluate(RunAfters.java:30)
	at org.junit.runners.ParentRunner.runLeaf(ParentRunner.java:263)
	at org.junit.runners.BlockJUnit4ClassRunner.runChild(BlockJUnit4ClassRunner.java:68)
	at org.junit.runners.BlockJUnit4ClassRunner.runChild(BlockJUnit4ClassRunner.java:47)
	at org.junit.runners.ParentRunner$3.run(ParentRunner.java:231)
	at org.junit.runners.ParentRunner$1.schedule(ParentRunner.java:60)
	at org.junit.runners.ParentRunner.runChildren(ParentRunner.java:229)
	at org.junit.runners.ParentRunner.access$000(ParentRunner.java:50)
	at org.junit.runners.ParentRunner$2.evaluate(ParentRunner.java:222)
	at org.junit.runners.ParentRunner.run(ParentRunner.java:300)
	at org.apache.maven.surefire.junit4.JUnit4Provider.execute(JUnit4Provider.java:252)
	at org.apache.maven.surefire.junit4.JUnit4Provider.executeTestSet(JUnit4Provider.java:141)
	at org.apache.maven.surefire.junit4.JUnit4Provider.invoke(JUnit4Provider.java:112)
	at sun.reflect.NativeMethodAccessorImpl.invoke0(Native Method)
	at sun.reflect.NativeMethodAccessorImpl.invoke(NativeMethodAccessorImpl.java:62)
	at sun.reflect.DelegatingMethodAccessorImpl.invoke(DelegatingMethodAccessorImpl.java:43)
	at java.lang.reflect.Method.invoke(Method.java:497)
	at org.apache.maven.surefire.util.ReflectionUtils.invokeMethodWithArray(ReflectionUtils.java:189)
	at org.apache.maven.surefire.booter.ProviderFactory$ProviderProxy.invoke(ProviderFactory.java:165)
	at org.apache.maven.surefire.booter.ProviderFactory.invokeProvider(ProviderFactory.java:85)
	at org.apache.maven.surefire.booter.ForkedBooter.runSuitesInProcess(ForkedBooter.java:115)
	at org.apache.maven.surefire.booter.ForkedBooter.main(ForkedBooter.java:75)
</error>
    <system-out>MoocBeanName : moocBeanName
setApplicationContext : 1227074340
</system-out>
    <system-err>ʮ���� 02, 2018 10:03:48 ���� org.springframework.context.support.ClassPathXmlApplicationContext prepareRefresh
��Ϣ: Refreshing org.springframework.context.support.ClassPathXmlApplicationContext@587d1d39: startup date [Sun Dec 02 22:03:48 CST 2018]; root of context hierarchy
ʮ���� 02, 2018 10:03:48 ���� org.springframework.beans.factory.xml.XmlBeanDefinitionReader loadBeanDefinitions
��Ϣ: Loading XML bean definitions from class path resource [spring-aware.xml]
org.springframework.beans.factory.NoSuchBeanDefinitionException: No bean named &apos;moocApplicationContext&apos; is defined
	at org.springframework.beans.factory.support.DefaultListableBeanFactory.getBeanDefinition(DefaultListableBeanFactory.java:641)
	at org.springframework.beans.factory.support.AbstractBeanFactory.getMergedLocalBeanDefinition(AbstractBeanFactory.java:1159)
	at org.springframework.beans.factory.support.AbstractBeanFactory.doGetBean(AbstractBeanFactory.java:282)
	at org.springframework.beans.factory.support.AbstractBeanFactory.getBean(AbstractBeanFactory.java:195)
	at org.springframework.context.support.AbstractApplicationContext.getBean(AbstractApplicationContext.java:973)
	at com.zhaotao.test.base.UnitTestBase.getBean(UnitTestBase.java:53)
	at com.zhaotao.test.aware.TestAware.testMoocApplicationContext(TestAware.java:20)
	at sun.reflect.NativeMethodAccessorImpl.invoke0(Native Method)
	at sun.reflect.NativeMethodAccessorImpl.invoke(NativeMethodAccessorImpl.java:62)
	at sun.reflect.DelegatingMethodAccessorImpl.invoke(DelegatingMethodAccessorImpl.java:43)
	at java.lang.reflect.Method.invoke(Method.java:497)
	at org.junit.runners.model.FrameworkMethod$1.runReflectiveCall(FrameworkMethod.java:45)
	at org.junit.internal.runners.model.ReflectiveCallable.run(ReflectiveCallable.java:15)
	at org.junit.runners.model.FrameworkMethod.invokeExplosively(FrameworkMethod.java:42)
	at org.junit.internal.runners.statements.InvokeMethod.evaluate(InvokeMethod.java:20)
	at org.junit.internal.runners.statements.RunBefores.evaluate(RunBefores.java:28)
	at org.junit.internal.runners.statements.RunAfters.evaluate(RunAfters.java:30)
	at org.junit.runners.ParentRunner.runLeaf(ParentRunner.java:263)
	at org.junit.runners.BlockJUnit4ClassRunner.runChild(BlockJUnit4ClassRunner.java:68)
	at org.junit.runners.BlockJUnit4ClassRunner.runChild(BlockJUnit4ClassRunner.java:47)
	at org.junit.runners.ParentRunner$3.run(ParentRunner.java:231)
	at org.junit.runners.ParentRunner$1.schedule(ParentRunner.java:60)
	at org.junit.runners.ParentRunner.runChildren(ParentRunner.java:229)
	at org.junit.runners.ParentRunner.access$000(ParentRunner.java:50)
	at org.junit.runners.ParentRunner$2.evaluate(ParentRunner.java:222)
	at org.junit.runners.ParentRunner.run(ParentRunner.java:300)
	at org.apache.maven.surefire.junit4.JUnit4Provider.execute(JUnit4Provider.java:252)
	at org.apache.maven.surefire.junit4.JUnit4Provider.executeTestSet(JUnit4Provider.java:141)
	at org.apache.maven.surefire.junit4.JUnit4Provider.invoke(JUnit4Provider.java:112)
	at sun.reflect.NativeMethodAccessorImpl.invoke0(Native Method)
	at sun.reflect.NativeMethodAccessorImpl.invoke(NativeMethodAccessorImpl.java:62)
	at sun.reflect.DelegatingMethodAccessorImpl.invoke(DelegatingMethodAccessorImpl.java:43)
	at java.lang.reflect.Method.invoke(Method.java:497)
	at org.apache.maven.surefire.util.ReflectionUtils.invokeMethodWithArray(ReflectionUtils.java:189)
	at org.apache.maven.surefire.booter.ProviderFactory$ProviderProxy.invoke(ProviderFactory.java:165)
	at org.apache.maven.surefire.booter.ProviderFactory.invokeProvider(ProviderFactory.java:85)
	at org.apache.maven.surefire.booter.ForkedBooter.runSuitesInProcess(ForkedBooter.java:115)
	at org.apache.maven.surefire.booter.ForkedBooter.main(ForkedBooter.java:75)
ʮ���� 02, 2018 10:03:48 ���� org.springframework.context.support.ClassPathXmlApplicationContext doClose
��Ϣ: Closing org.springframework.context.support.ClassPathXmlApplicationContext@587d1d39: startup date [Sun Dec 02 22:03:48 CST 2018]; root of context hierarchy
</system-err>
  </testcase>
  <testcase classname="com.zhaotao.test.aware.TestAware" name="textMoocBeanName" time="0.047"/>
</testsuite>